<?xml version="1.0" encoding="UTF-8" ?>
<testsuite errors="1" failures="0" hostname="airbears2-10-142-110-130.airbears2.1918.berkeley.edu" name="edu.cmu.is.grouper.dispatcher.util.TestConfiguration" skipped="0" tests="2" time="0.344" timestamp="2016-08-03T23:08:04">
  <properties>
    <property name="java.vendor" value="Oracle Corporation" />
    <property name="sun.java.launcher" value="SUN_STANDARD" />
    <property name="sun.management.compiler" value="HotSpot 64-Bit Tiered Compilers" />
    <property name="maven.build.srcDir.0" value="src/main/java" />
    <property name="os.name" value="Mac OS X" />
    <property name="sun.boot.class.path" value="/Library/Java/JavaVirtualMachines/jdk1.7.0_79.jdk/Contents/Home/jre/lib/resources.jar:/Library/Java/JavaVirtualMachines/jdk1.7.0_79.jdk/Contents/Home/jre/lib/rt.jar:/Library/Java/JavaVirtualMachines/jdk1.7.0_79.jdk/Contents/Home/jre/lib/sunrsasign.jar:/Library/Java/JavaVirtualMachines/jdk1.7.0_79.jdk/Contents/Home/jre/lib/jsse.jar:/Library/Java/JavaVirtualMachines/jdk1.7.0_79.jdk/Contents/Home/jre/lib/jce.jar:/Library/Java/JavaVirtualMachines/jdk1.7.0_79.jdk/Contents/Home/jre/lib/charsets.jar:/Library/Java/JavaVirtualMachines/jdk1.7.0_79.jdk/Contents/Home/jre/lib/jfr.jar:/Library/Java/JavaVirtualMachines/jdk1.7.0_79.jdk/Contents/Home/jre/classes" />
    <property name="java.vm.specification.vendor" value="Oracle Corporation" />
    <property name="ant.home" value="/usr/local/apache-ant-1.9.6" />
    <property name="java.runtime.version" value="1.7.0_79-b15" />
    <property name="maven.build.resourceDir.0" value="src/main/resources" />
    <property name="project.build.sourceEncoding" value="UTF-8" />
    <property name="user.name" value="jeffreym" />
    <property name="maven.build.outputDir" value="target/classes" />
    <property name="ant.file.type.grouperDispatcher" value="file" />
    <property name="maven.repo.local" value="/Users/jeffreym/.m2/repository" />
    <property name="ant.file.grouperDispatcher" value="/Users/jeffreym/code/Grouper-ActiveMQ-Provisioner/grouperDispatcher/build.xml" />
    <property name="maven.build.finalName" value="grouperDispatcher" />
    <property name="maven.build.testDir.0" value="src/test/java" />
    <property name="user.language" value="en" />
    <property name="sun.boot.library.path" value="/Library/Java/JavaVirtualMachines/jdk1.7.0_79.jdk/Contents/Home/jre/lib" />
    <property name="ant.file.type.grouperDispatcher-from-maven" value="file" />
    <property name="ant.project.default-target" value="package" />
    <property name="maven.reporting.outputDirectory" value="target/site" />
    <property name="ant.project.name" value="grouperDispatcher" />
    <property name="java.version" value="1.7.0_79" />
    <property name="user.timezone" value="" />
    <property name="sun.arch.data.model" value="64" />
    <property name="http.nonProxyHosts" value="local|*.local|169.254/16|*.169.254/16" />
    <property name="java.endorsed.dirs" value="/Library/Java/JavaVirtualMachines/jdk1.7.0_79.jdk/Contents/Home/jre/lib/endorsed" />
    <property name="sun.cpu.isalist" value="" />
    <property name="sun.jnu.encoding" value="UTF-8" />
    <property name="file.encoding.pkg" value="sun.io" />
    <property name="file.separator" value="/" />
    <property name="java.specification.name" value="Java Platform API Specification" />
    <property name="java.class.version" value="51.0" />
    <property name="user.country" value="US" />
    <property name="java.home" value="/Library/Java/JavaVirtualMachines/jdk1.7.0_79.jdk/Contents/Home/jre" />
    <property name="java.vm.info" value="mixed mode" />
    <property name="ant.file" value="/Users/jeffreym/code/Grouper-ActiveMQ-Provisioner/grouperDispatcher/build.xml" />
    <property name="os.version" value="10.11.5" />
    <property name="activemq-version" value="5.9.0" />
    <property name="maven.build.testOutputDir" value="target/test-classes" />
    <property name="path.separator" value=":" />
    <property name="java.vm.version" value="24.79-b02" />
    <property name="maven.build.dir" value="target" />
    <property name="maven.test.reports" value="target/test-reports" />
    <property name="ant.library.dir" value="/usr/local/apache-ant-1.9.6/lib" />
    <property name="java.awt.printerjob" value="sun.lwawt.macosx.CPrinterJob" />
    <property name="sun.io.unicode.encoding" value="UnicodeBig" />
    <property name="awt.toolkit" value="sun.lwawt.macosx.LWCToolkit" />
    <property name="socksNonProxyHosts" value="local|*.local|169.254/16|*.169.254/16" />
    <property name="ftp.nonProxyHosts" value="local|*.local|169.254/16|*.169.254/16" />
    <property name="project.build.outputDirectory" value="target/classes" />
    <property name="user.home" value="/Users/jeffreym" />
    <property name="java.specification.vendor" value="Oracle Corporation" />
    <property name="java.library.path" value="/Users/jeffreym/Library/Java/Extensions:/Library/Java/Extensions:/Network/Library/Java/Extensions:/System/Library/Java/Extensions:/usr/lib/java:." />
    <property name="java.vendor.url" value="http://java.oracle.com/" />
    <property name="maven.settings.offline" value="false" />
    <property name="java.vm.vendor" value="Oracle Corporation" />
    <property name="gopherProxySet" value="false" />
    <property name="maven.settings.interactiveMode" value="true" />
    <property name="java.runtime.name" value="Java(TM) SE Runtime Environment" />
    <property name="sun.java.command" value="org.apache.tools.ant.taskdefs.optional.junit.JUnitTestRunner edu.cmu.is.grouper.dispatcher.util.TestConfiguration skipNonTests=false filtertrace=true haltOnError=true haltOnFailure=true formatter=org.apache.tools.ant.taskdefs.optional.junit.SummaryJUnitResultFormatter showoutput=false outputtoformatters=true logfailedtests=true threadid=0 logtestlistenerevents=false formatter=org.apache.tools.ant.taskdefs.optional.junit.XMLJUnitResultFormatter,/Users/jeffreym/code/Grouper-ActiveMQ-Provisioner/grouperDispatcher/target/test-reports/TEST-edu.cmu.is.grouper.dispatcher.util.TestConfiguration.xml formatter=org.apache.tools.ant.taskdefs.optional.junit.PlainJUnitResultFormatter crashfile=/Users/jeffreym/code/Grouper-ActiveMQ-Provisioner/grouperDispatcher/junitvmwatcher2317823877919974477.properties propsfile=/Users/jeffreym/code/Grouper-ActiveMQ-Provisioner/grouperDispatcher/junit5673515935224966801.properties" />
    <property name="java.class.path" value="/Users/jeffreym/.m2/repository/org/apache/activemq/activemq-all/5.9.0/activemq-all-5.9.0.jar:/Users/jeffreym/.m2/repository/commons-codec/commons-codec/1.8/commons-codec-1.8.jar:/Users/jeffreym/.m2/repository/junit/junit/4.11/junit-4.11.jar:/Users/jeffreym/.m2/repository/org/hamcrest/hamcrest-core/1.3/hamcrest-core-1.3.jar:/Users/jeffreym/.m2/repository/com/google/code/gson/gson/2.2.4/gson-2.2.4.jar:/Users/jeffreym/code/Grouper-ActiveMQ-Provisioner/grouperDispatcher/target/classes:/Users/jeffreym/code/Grouper-ActiveMQ-Provisioner/grouperDispatcher/target/test-classes:/usr/local/apache-ant-1.9.6/lib/ant-launcher.jar:/usr/local/apache-ant-1.9.6/lib/ant.jar:/usr/local/apache-ant-1.9.6/lib/ant-junit.jar:/usr/local/apache-ant-1.9.6/lib/ant-junit4.jar" />
    <property name="ant.version" value="Apache Ant(TM) version 1.9.6 compiled on June 29 2015" />
    <property name="project.build.directory" value="target" />
    <property name="java.vm.specification.name" value="Java Virtual Machine Specification" />
    <property name="ant.file.type" value="file" />
    <property name="java.vm.specification.version" value="1.7" />
    <property name="sun.cpu.endian" value="little" />
    <property name="sun.os.patch.level" value="unknown" />
    <property name="ant.file.grouperDispatcher-from-maven" value="/Users/jeffreym/code/Grouper-ActiveMQ-Provisioner/grouperDispatcher/maven-build.xml" />
    <property name="java.io.tmpdir" value="/var/folders/pf/lf33hprr8xj3qy001s6zht980000gn/T/" />
    <property name="junit.present" value="true" />
    <property name="java.vendor.url.bug" value="http://bugreport.sun.com/bugreport/" />
    <property name="java.awt.graphicsenv" value="sun.awt.CGraphicsEnvironment" />
    <property name="os.arch" value="x86_64" />
    <property name="maven.build.testResourceDir.0" value="src/test/resources" />
    <property name="java.ext.dirs" value="/Users/jeffreym/Library/Java/Extensions:/Library/Java/JavaVirtualMachines/jdk1.7.0_79.jdk/Contents/Home/jre/lib/ext:/Library/Java/Extensions:/Network/Library/Java/Extensions:/System/Library/Java/Extensions:/usr/lib/java" />
    <property name="user.dir" value="/Users/jeffreym/code/Grouper-ActiveMQ-Provisioner/grouperDispatcher" />
    <property name="java-version" value="1.7" />
    <property name="line.separator" value="&#xa;" />
    <property name="java.vm.name" value="Java HotSpot(TM) 64-Bit Server VM" />
    <property name="basedir" value="." />
    <property name="ant.java.version" value="1.7" />
    <property name="ant.core.lib" value="/usr/local/apache-ant-1.9.6/lib/ant.jar" />
    <property name="file.encoding" value="UTF-8" />
    <property name="java.specification.version" value="1.7" />
    <property name="ant.project.invoked-targets" value="package" />
  </properties>
  <testcase classname="edu.cmu.is.grouper.dispatcher.util.TestConfiguration" name="testMatchingGroupsAndOps" time="0.266" />
  <testcase classname="edu.cmu.is.grouper.dispatcher.util.TestConfiguration" name="testMatchingGroups" time="0.006">
    <error message="each config entry must have 5 parts separated by | (pipe)! The bad line: App:oim:*|dev.apps.oim.groups| addMember, removeMember | json" type="edu.cmu.is.grouper.dispatcher.exceptions.BadConfigurationException">edu.cmu.is.grouper.dispatcher.exceptions.BadConfigurationException: each config entry must have 5 parts separated by | (pipe)! The bad line: App:oim:*|dev.apps.oim.groups| addMember, removeMember | json
	at edu.cmu.is.grouper.dispatcher.configuration.Configuration.loadConfiguration(Configuration.java:82)
	at edu.cmu.is.grouper.dispatcher.configuration.Configuration.checkIfNeedConfigReload(Configuration.java:138)
	at edu.cmu.is.grouper.dispatcher.configuration.Configuration.retrieveMatchingConfigurationsForGroup(Configuration.java:192)
	at edu.cmu.is.grouper.dispatcher.util.TestConfiguration.testMatchingGroups(TestConfiguration.java:62)
</error>
  </testcase>
  <system-out><![CDATA[Problem loading properties or initializing webapp - loading  grouperDispatcher.properties
**** testMatchingGroupsAndOps ******
path: /Users/jeffreym/code/Grouper-ActiveMQ-Provisioner/grouperDispatcher/target/test-classes
**** END testMatchingGroupsAndOps ******
**** testMatchingGroups ******
path: /Users/jeffreym/code/Grouper-ActiveMQ-Provisioner/grouperDispatcher/target/classes
]]></system-out>
  <system-err><![CDATA[log4j:ERROR setFile(null,true) call failed.
java.io.FileNotFoundException: /opt/grouperDispatcher/logs/groupDispatcher.log (No such file or directory)
	at java.io.FileOutputStream.open(Native Method)
	at java.io.FileOutputStream.<init>(FileOutputStream.java:221)
	at java.io.FileOutputStream.<init>(FileOutputStream.java:142)
	at org.apache.log4j.FileAppender.setFile(FileAppender.java:294)
	at org.apache.log4j.FileAppender.activateOptions(FileAppender.java:165)
	at org.apache.log4j.DailyRollingFileAppender.activateOptions(DailyRollingFileAppender.java:223)
	at org.apache.log4j.config.PropertySetter.activate(PropertySetter.java:307)
	at org.apache.log4j.xml.DOMConfigurator.parseAppender(DOMConfigurator.java:295)
	at org.apache.log4j.xml.DOMConfigurator.findAppenderByName(DOMConfigurator.java:176)
	at org.apache.log4j.xml.DOMConfigurator.findAppenderByReference(DOMConfigurator.java:191)
	at org.apache.log4j.xml.DOMConfigurator.parseChildrenOfLoggerElement(DOMConfigurator.java:523)
	at org.apache.log4j.xml.DOMConfigurator.parseCategory(DOMConfigurator.java:436)
	at org.apache.log4j.xml.DOMConfigurator.parse(DOMConfigurator.java:1004)
	at org.apache.log4j.xml.DOMConfigurator.doConfigure(DOMConfigurator.java:872)
	at org.apache.log4j.xml.DOMConfigurator.doConfigure(DOMConfigurator.java:778)
	at org.apache.log4j.helpers.OptionConverter.selectAndConfigure(OptionConverter.java:526)
	at org.apache.log4j.LogManager.<clinit>(LogManager.java:127)
	at org.apache.log4j.Logger.getLogger(Logger.java:104)
	at edu.cmu.is.grouper.dispatcher.configuration.Configuration.<init>(Configuration.java:48)
	at edu.cmu.is.grouper.dispatcher.configuration.Configuration.<clinit>(Configuration.java:34)
	at edu.cmu.is.grouper.dispatcher.util.TestConfiguration.setUp(TestConfiguration.java:21)
	at junit.framework.TestCase.runBare(TestCase.java:139)
	at junit.framework.TestResult$1.protect(TestResult.java:122)
	at junit.framework.TestResult.runProtected(TestResult.java:142)
	at junit.framework.TestResult.run(TestResult.java:125)
	at junit.framework.TestCase.run(TestCase.java:129)
	at junit.framework.TestSuite.runTest(TestSuite.java:255)
	at junit.framework.TestSuite.run(TestSuite.java:250)
	at org.apache.tools.ant.taskdefs.optional.junit.JUnitTestRunner.run(JUnitTestRunner.java:535)
	at org.apache.tools.ant.taskdefs.optional.junit.JUnitTestRunner.launch(JUnitTestRunner.java:1182)
	at org.apache.tools.ant.taskdefs.optional.junit.JUnitTestRunner.main(JUnitTestRunner.java:1033)
log4j:ERROR Either File or DatePattern options are not set for appender [NP].
]]></system-err>
</testsuite>
